

--- Starting addClient at 2026-05-02T12:45:42.768Z ---
Payload: {"payment":{"amount":0,"paidAmount":0,"paymentMethod":"cash","dueDate":"","startDate":"2026-05-02"}}
Error: Missing email


--- Starting addClient at 2026-05-02T12:45:52.045Z ---
Payload: {"personalInfo":{"name":"mani","dob":"2004-08-27","gender":"Male","address":"cbe","email":"mani@gmail.com","mobileNo":"9963258744","emergencyContact":"9865774433","medicalCondition":""},"membership":{"planId":"69ec89dbc2b95d3954738681","startDate":"2026-05-02","planType":"69ec89dbc2b95d3954738681"},"payment":{"amount":0,"paidAmount":0,"paymentMethod":"cash","dueDate":"","startDate":"2026-05-02"}}
Plan resolved: Monthly, Price: 1500
ID Generated: LIK-06, Start: Sat May 02 2026 00:00:00 GMT+0530 (India Standard Time)
Client Created: 69f5f2002536db9f84474301
Creating Payment: lik-0008
Payment Created: 69f5f2002536db9f84474306
Success!


--- Starting addClient at 2026-05-02T12:46:55.783Z ---
Payload: {"payment":{"amount":0,"paidAmount":0,"paymentMethod":"cash","dueDate":"","startDate":"2026-05-02"}}
Error: Missing email


--- Starting addClient at 2026-05-02T12:46:59.572Z ---
Payload: {"personalInfo":{"name":"sharon","dob":"2004-12-16","gender":"Male","address":"cbe","email":"shaaron@gmail.com","mobileNo":"6382340018","emergencyContact":"9847563214","medicalCondition":""},"membership":{"planId":"69ec89dbc2b95d3954738681","startDate":"2026-05-02","planType":"69ec89dbc2b95d3954738681"},"payment":{"amount":0,"paidAmount":0,"paymentMethod":"cash","dueDate":"","startDate":"2026-05-02"}}
Plan resolved: Monthly, Price: 1500
ID Generated: LIK-07, Start: Sat May 02 2026 00:00:00 GMT+0530 (India Standard Time)
Client Created: 69f5f2432536db9f844743c6
Creating Payment: lik-0009
Payment Created: 69f5f2442536db9f844743cd
Success!
