
[2026-05-07T20:00:24.000Z] TypeError: Cannot set properties of undefined (setting 'gymId')
    at exports.createExpense (D:\GYM\server\controllers\expenseController.js:21:20)
    at Layer.handleRequest (D:\GYM\server\node_modules\router\lib\layer.js:152:17)
    at next (D:\GYM\server\node_modules\router\lib\route.js:157:13)
    at Route.dispatch (D:\GYM\server\node_modules\router\lib\route.js:117:3)
    at handle (D:\GYM\server\node_modules\router\index.js:435:11)
    at Layer.handleRequest (D:\GYM\server\node_modules\router\lib\layer.js:152:17)
    at D:\GYM\server\node_modules\router\index.js:295:15
    at processParams (D:\GYM\server\node_modules\router\index.js:582:12)
    at next (D:\GYM\server\node_modules\router\index.js:291:5)
    at D:\GYM\server\middleware\authMiddleware.js:58:5

[2026-05-07T20:00:40.937Z] TypeError: Cannot set properties of undefined (setting 'gymId')
    at exports.createExpense (D:\GYM\server\controllers\expenseController.js:21:20)
    at Layer.handleRequest (D:\GYM\server\node_modules\router\lib\layer.js:152:17)
    at next (D:\GYM\server\node_modules\router\lib\route.js:157:13)
    at Route.dispatch (D:\GYM\server\node_modules\router\lib\route.js:117:3)
    at handle (D:\GYM\server\node_modules\router\index.js:435:11)
    at Layer.handleRequest (D:\GYM\server\node_modules\router\lib\layer.js:152:17)
    at D:\GYM\server\node_modules\router\index.js:295:15
    at processParams (D:\GYM\server\node_modules\router\index.js:582:12)
    at next (D:\GYM\server\node_modules\router\index.js:291:5)
    at D:\GYM\server\middleware\authMiddleware.js:58:5

[2026-05-07T20:02:04.410Z] TypeError: Cannot set properties of undefined (setting 'gymId')
    at exports.createExpense (D:\GYM\server\controllers\expenseController.js:21:20)
    at Layer.handleRequest (D:\GYM\server\node_modules\router\lib\layer.js:152:17)
    at next (D:\GYM\server\node_modules\router\lib\route.js:157:13)
    at Route.dispatch (D:\GYM\server\node_modules\router\lib\route.js:117:3)
    at handle (D:\GYM\server\node_modules\router\index.js:435:11)
    at Layer.handleRequest (D:\GYM\server\node_modules\router\lib\layer.js:152:17)
    at D:\GYM\server\node_modules\router\index.js:295:15
    at processParams (D:\GYM\server\node_modules\router\index.js:582:12)
    at next (D:\GYM\server\node_modules\router\index.js:291:5)
    at D:\GYM\server\middleware\authMiddleware.js:58:5

[2026-05-07T20:02:25.414Z] TypeError: Cannot set properties of undefined (setting 'gymId')
    at exports.createExpense (D:\GYM\server\controllers\expenseController.js:21:20)
    at Layer.handleRequest (D:\GYM\server\node_modules\router\lib\layer.js:152:17)
    at next (D:\GYM\server\node_modules\router\lib\route.js:157:13)
    at Route.dispatch (D:\GYM\server\node_modules\router\lib\route.js:117:3)
    at handle (D:\GYM\server\node_modules\router\index.js:435:11)
    at Layer.handleRequest (D:\GYM\server\node_modules\router\lib\layer.js:152:17)
    at D:\GYM\server\node_modules\router\index.js:295:15
    at processParams (D:\GYM\server\node_modules\router\index.js:582:12)
    at next (D:\GYM\server\node_modules\router\index.js:291:5)
    at D:\GYM\server\middleware\authMiddleware.js:58:5

[2026-05-07T20:03:35.691Z] TypeError: Cannot set properties of undefined (setting 'gymId')
    at exports.createExpense (D:\GYM\server\controllers\expenseController.js:21:20)
    at Layer.handleRequest (D:\GYM\server\node_modules\router\lib\layer.js:152:17)
    at next (D:\GYM\server\node_modules\router\lib\route.js:157:13)
    at Route.dispatch (D:\GYM\server\node_modules\router\lib\route.js:117:3)
    at handle (D:\GYM\server\node_modules\router\index.js:435:11)
    at Layer.handleRequest (D:\GYM\server\node_modules\router\lib\layer.js:152:17)
    at D:\GYM\server\node_modules\router\index.js:295:15
    at processParams (D:\GYM\server\node_modules\router\index.js:582:12)
    at next (D:\GYM\server\node_modules\router\index.js:291:5)
    at D:\GYM\server\middleware\authMiddleware.js:58:5

[2026-05-07T20:03:56.407Z] TypeError: Cannot set properties of undefined (setting 'gymId')
    at exports.createExpense (D:\GYM\server\controllers\expenseController.js:21:20)
    at Layer.handleRequest (D:\GYM\server\node_modules\router\lib\layer.js:152:17)
    at next (D:\GYM\server\node_modules\router\lib\route.js:157:13)
    at Route.dispatch (D:\GYM\server\node_modules\router\lib\route.js:117:3)
    at handle (D:\GYM\server\node_modules\router\index.js:435:11)
    at Layer.handleRequest (D:\GYM\server\node_modules\router\lib\layer.js:152:17)
    at D:\GYM\server\node_modules\router\index.js:295:15
    at processParams (D:\GYM\server\node_modules\router\index.js:582:12)
    at next (D:\GYM\server\node_modules\router\index.js:291:5)
    at D:\GYM\server\middleware\authMiddleware.js:58:5

[2026-05-07T20:04:50.688Z] TypeError: Cannot set properties of undefined (setting 'gymId')
    at exports.createExpense (D:\GYM\server\controllers\expenseController.js:21:20)
    at Layer.handleRequest (D:\GYM\server\node_modules\router\lib\layer.js:152:17)
    at next (D:\GYM\server\node_modules\router\lib\route.js:157:13)
    at Route.dispatch (D:\GYM\server\node_modules\router\lib\route.js:117:3)
    at handle (D:\GYM\server\node_modules\router\index.js:435:11)
    at Layer.handleRequest (D:\GYM\server\node_modules\router\lib\layer.js:152:17)
    at D:\GYM\server\node_modules\router\index.js:295:15
    at processParams (D:\GYM\server\node_modules\router\index.js:582:12)
    at next (D:\GYM\server\node_modules\router\index.js:291:5)
    at D:\GYM\server\middleware\authMiddleware.js:58:5
